<?xml version="1.0" encoding="UTF-8"?>
<!-- Generated by org.testng.reporters.JUnitReportReporter -->
<testsuite hostname="DESKTOP-7CVSGU4" failures="0" tests="2" name="Testclass.Htest" time="15.234" errors="0" timestamp="2023-02-01T16:31:50 IST" skipped="0">
  <testcase classname="Testclass.Htest" name="LPage" time="14.082"/>
  <system-out/>
  <testcase classname="Testclass.Htest" name="test1" time="1.152"/>
  <system-out/>
</testsuite> <!-- Testclass.Htest -->
